TN:
SF:src\App.tsx
FN:37,Sidebar
FN:54,(anonymous_1)
FN:59,(anonymous_2)
FN:79,App
FNF:4
FNH:4
FNDA:8,Sidebar
FNDA:24,(anonymous_1)
FNDA:24,(anonymous_2)
FNDA:8,App
DA:6,1
DA:38,8
DA:55,24
DA:60,24
DA:80,8
LF:5
LH:5
BRDA:61,0,0,8
BRDA:61,0,1,16
BRF:2
BRH:2
end_of_record
TN:
SF:src\api\client.ts
FN:25,(anonymous_0)
FN:26,(anonymous_1)
FN:28,(anonymous_2)
FN:33,(anonymous_3)
FN:35,(anonymous_4)
FN:40,(anonymous_5)
FN:42,(anonymous_6)
FN:47,(anonymous_7)
FN:49,(anonymous_8)
FN:50,(anonymous_9)
FN:55,(anonymous_10)
FN:58,(anonymous_11)
FN:63,(anonymous_12)
FN:69,(anonymous_13)
FN:71,(anonymous_14)
FN:74,(anonymous_15)
FN:76,(anonymous_16)
FN:78,(anonymous_17)
FN:81,(anonymous_18)
FN:84,(anonymous_19)
FN:87,(anonymous_20)
FN:90,(anonymous_21)
FNF:22
FNH:22
FNDA:169,(anonymous_0)
FNDA:167,(anonymous_1)
FNDA:4,(anonymous_2)
FNDA:4,(anonymous_3)
FNDA:5,(anonymous_4)
FNDA:4,(anonymous_5)
FNDA:2,(anonymous_6)
FNDA:2,(anonymous_7)
FNDA:2,(anonymous_8)
FNDA:2,(anonymous_9)
FNDA:34,(anonymous_10)
FNDA:2,(anonymous_11)
FNDA:2,(anonymous_12)
FNDA:56,(anonymous_13)
FNDA:2,(anonymous_14)
FNDA:36,(anonymous_15)
FNDA:10,(anonymous_16)
FNDA:2,(anonymous_17)
FNDA:17,(anonymous_18)
FNDA:5,(anonymous_19)
FNDA:16,(anonymous_20)
FNDA:11,(anonymous_21)
DA:1,5
DA:2,5
DA:25,5
DA:26,169
DA:28,5
DA:29,4
DA:33,4
DA:35,5
DA:36,5
DA:40,4
DA:42,5
DA:43,2
DA:47,2
DA:49,5
DA:50,2
DA:51,2
DA:54,5
DA:56,34
DA:59,2
DA:64,2
DA:69,56
DA:72,2
DA:74,36
DA:76,10
DA:79,2
DA:82,17
DA:85,5
DA:87,16
DA:90,5
DA:91,11
LF:30
LH:30
BRDA:1,0,0,5
BRDA:1,0,1,5
BRDA:56,1,0,1
BRDA:56,1,1,33
BRDA:71,2,0,2
BRDA:81,3,0,17
BRDA:84,4,0,5
BRF:7
BRH:7
end_of_record
TN:
SF:src\pages\AccountsPage.tsx
FN:22,SortIcon
FN:33,ThSortable
FN:40,(anonymous_2)
FN:51,AccountsPage
FN:69,(anonymous_4)
FN:70,(anonymous_5)
FN:73,(anonymous_6)
FN:75,(anonymous_7)
FN:78,(anonymous_8)
FN:80,(anonymous_9)
FN:81,(anonymous_10)
FN:87,(anonymous_11)
FN:89,(anonymous_12)
FN:99,(anonymous_13)
FN:100,(anonymous_14)
FN:118,(anonymous_15)
FN:121,(anonymous_16)
FN:124,(anonymous_17)
FN:129,(anonymous_18)
FN:133,(anonymous_19)
FN:139,(anonymous_20)
FN:139,(anonymous_21)
FN:140,(anonymous_22)
FN:140,(anonymous_23)
FN:172,(anonymous_24)
FN:193,(anonymous_25)
FN:197,(anonymous_26)
FN:208,(anonymous_27)
FN:210,(anonymous_28)
FN:223,(anonymous_29)
FN:226,(anonymous_30)
FN:258,(anonymous_31)
FN:271,(anonymous_32)
FN:296,(anonymous_33)
FN:314,(anonymous_34)
FN:349,(anonymous_35)
FN:354,(anonymous_36)
FN:354,(anonymous_37)
FN:357,(anonymous_38)
FN:361,(anonymous_39)
FN:371,(anonymous_40)
FN:371,(anonymous_41)
FN:376,(anonymous_42)
FNF:43
FNH:43
FNDA:1038,SortIcon
FNDA:1038,ThSortable
FNDA:9,(anonymous_2)
FNDA:173,AccountsPage
FNDA:29,(anonymous_4)
FNDA:29,(anonymous_5)
FNDA:32,(anonymous_6)
FNDA:32,(anonymous_7)
FNDA:29,(anonymous_8)
FNDA:9,(anonymous_9)
FNDA:3,(anonymous_10)
FNDA:87,(anonymous_11)
FNDA:225,(anonymous_12)
FNDA:96,(anonymous_13)
FNDA:317,(anonymous_14)
FNDA:1,(anonymous_15)
FNDA:1,(anonymous_16)
FNDA:2,(anonymous_17)
FNDA:1,(anonymous_18)
FNDA:54,(anonymous_19)
FNDA:54,(anonymous_20)
FNDA:126,(anonymous_21)
FNDA:54,(anonymous_22)
FNDA:126,(anonymous_23)
FNDA:692,(anonymous_24)
FNDA:27,(anonymous_25)
FNDA:1,(anonymous_26)
FNDA:519,(anonymous_27)
FNDA:2,(anonymous_28)
FNDA:410,(anonymous_29)
FNDA:3,(anonymous_30)
FNDA:519,(anonymous_31)
FNDA:1,(anonymous_32)
FNDA:1,(anonymous_33)
FNDA:2,(anonymous_34)
FNDA:1,(anonymous_35)
FNDA:1,(anonymous_36)
FNDA:1,(anonymous_37)
FNDA:16,(anonymous_38)
FNDA:1,(anonymous_39)
FNDA:1,(anonymous_40)
FNDA:1,(anonymous_41)
FNDA:1,(anonymous_42)
DA:6,2
DA:15,2
DA:23,1038
DA:38,1038
DA:40,9
DA:52,173
DA:53,173
DA:54,173
DA:55,173
DA:58,173
DA:59,173
DA:60,173
DA:63,173
DA:64,173
DA:67,173
DA:69,173
DA:70,29
DA:73,173
DA:74,32
DA:75,32
DA:78,173
DA:80,173
DA:81,9
DA:82,6
DA:83,9
DA:87,173
DA:88,87
DA:89,87
DA:90,225
DA:91,221
DA:92,220
DA:93,218
DA:94,57
DA:95,161
DA:99,173
DA:100,96
DA:101,317
DA:102,317
DA:103,317
DA:104,317
DA:105,317
DA:106,317
DA:107,317
DA:108,317
DA:109,317
DA:110,205
DA:111,2
DA:115,173
DA:116,173
DA:118,173
DA:119,1
DA:120,1
DA:121,1
DA:124,173
DA:125,2
DA:126,1
DA:129,173
DA:130,1
DA:133,173
DA:134,54
DA:135,126
DA:136,54
DA:139,173
DA:140,173
DA:142,173
DA:173,692
DA:193,27
DA:197,1
DA:209,519
DA:210,2
DA:224,410
DA:226,3
DA:259,519
DA:271,1
DA:296,1
DA:314,2
DA:349,1
DA:354,1
DA:358,16
DA:359,16
DA:360,16
DA:361,1
DA:371,1
DA:376,1
LF:84
LH:84
BRDA:24,0,0,173
BRDA:24,0,1,865
BRDA:25,1,0,2
BRDA:25,1,1,1036
BRDA:25,2,0,1038
BRDA:25,2,1,173
BRDA:81,3,0,3
BRDA:81,3,1,6
BRDA:81,4,0,2
BRDA:81,4,1,1
BRDA:90,5,0,4
BRDA:90,5,1,221
BRDA:90,6,0,225
BRDA:90,6,1,6
BRDA:91,7,0,1
BRDA:91,7,1,220
BRDA:91,8,0,221
BRDA:91,8,1,3
BRDA:92,9,0,2
BRDA:92,9,1,218
BRDA:92,10,0,220
BRDA:92,10,1,3
BRDA:93,11,0,57
BRDA:93,11,1,161
BRDA:93,12,0,218
BRDA:93,12,1,81
BRDA:93,12,2,69
BRDA:94,13,0,69
BRDA:94,13,1,27
BRDA:103,14,0,302
BRDA:103,14,1,15
BRDA:104,15,0,3
BRDA:104,15,1,314
BRDA:105,16,0,4
BRDA:105,16,1,313
BRDA:105,17,0,4
BRDA:105,17,1,0
BRDA:105,18,0,4
BRDA:105,18,1,0
BRDA:106,19,0,4
BRDA:106,19,1,313
BRDA:106,20,0,1
BRDA:106,20,1,3
BRDA:106,21,0,2
BRDA:106,21,1,2
BRDA:107,22,0,2
BRDA:107,22,1,315
BRDA:107,23,0,2
BRDA:107,23,1,0
BRDA:107,24,0,2
BRDA:107,24,1,0
BRDA:108,25,0,2
BRDA:108,25,1,315
BRDA:108,26,0,2
BRDA:108,26,1,0
BRDA:108,27,0,2
BRDA:108,27,1,0
BRDA:109,28,0,112
BRDA:109,28,1,205
BRDA:109,29,0,112
BRDA:109,29,1,0
BRDA:110,30,0,203
BRDA:110,30,1,2
BRDA:110,31,0,199
BRDA:110,31,1,4
BRDA:125,32,0,1
BRDA:125,32,1,1
BRDA:135,33,0,126
BRDA:135,33,1,49
BRDA:157,34,0,53
BRDA:157,34,1,120
BRDA:196,35,0,173
BRDA:196,35,1,27
BRDA:212,36,0,173
BRDA:212,36,1,346
BRDA:215,37,0,173
BRDA:215,37,1,346
BRDA:215,38,0,173
BRDA:215,38,1,173
BRDA:228,39,0,173
BRDA:228,39,1,237
BRDA:234,40,0,173
BRDA:234,40,1,237
BRDA:235,41,0,410
BRDA:235,41,1,86
BRDA:259,42,0,76
BRDA:259,42,1,443
BRDA:264,43,0,519
BRDA:264,43,1,3
BRDA:269,44,0,172
BRDA:269,44,1,347
BRDA:275,45,0,1
BRDA:275,45,1,171
BRDA:292,46,0,513
BRDA:292,46,1,6
BRDA:297,47,0,76
BRDA:297,47,1,443
BRDA:299,48,0,76
BRDA:299,48,1,443
BRDA:302,49,0,76
BRDA:302,49,1,443
BRDA:303,50,0,76
BRDA:303,50,1,443
BRDA:307,51,0,513
BRDA:307,51,1,6
BRDA:310,52,0,513
BRDA:310,52,1,6
BRDA:325,53,0,173
BRDA:325,53,1,120
BRDA:325,53,2,38
BRDA:341,54,0,173
BRDA:341,54,1,8
BRDA:363,55,0,8
BRDA:363,55,1,8
BRF:114
BRH:107
end_of_record
TN:
SF:src\pages\ConfigPage.tsx
FN:20,ConfigPage
FN:28,(anonymous_1)
FN:29,(anonymous_2)
FN:32,(anonymous_3)
FN:37,(anonymous_4)
FN:38,(anonymous_5)
FN:41,(anonymous_6)
FN:46,(anonymous_7)
FN:47,(anonymous_8)
FN:48,(anonymous_9)
FN:64,(anonymous_10)
FN:67,(anonymous_11)
FN:122,(anonymous_12)
FNF:13
FNH:13
FNDA:87,ConfigPage
FNDA:15,(anonymous_1)
FNDA:14,(anonymous_2)
FNDA:16,(anonymous_3)
FNDA:15,(anonymous_4)
FNDA:15,(anonymous_5)
FNDA:4,(anonymous_6)
FNDA:3,(anonymous_7)
FNDA:1,(anonymous_8)
FNDA:4,(anonymous_9)
FNDA:264,(anonymous_10)
FNDA:1,(anonymous_11)
FNDA:19,(anonymous_12)
DA:4,2
DA:12,2
DA:21,87
DA:22,87
DA:23,87
DA:24,87
DA:25,87
DA:26,87
DA:28,87
DA:29,15
DA:32,87
DA:33,16
DA:34,16
DA:35,16
DA:37,15
DA:38,15
DA:41,87
DA:42,4
DA:43,4
DA:44,4
DA:46,3
DA:47,1
DA:48,4
DA:51,87
DA:65,264
DA:67,1
DA:122,19
LF:27
LH:27
BRDA:64,0,0,57
BRDA:64,0,1,30
BRDA:69,1,0,87
BRDA:69,1,1,177
BRDA:74,2,0,264
BRDA:74,2,1,3
BRDA:76,3,0,264
BRDA:76,3,1,3
BRDA:88,4,0,87
BRDA:88,4,1,8
BRDA:89,5,0,6
BRDA:89,5,1,2
BRDA:90,6,0,6
BRDA:90,6,1,2
BRDA:94,7,0,87
BRDA:94,7,1,79
BRDA:95,8,0,8
BRDA:95,8,1,79
BRDA:113,9,0,29
BRDA:113,9,1,58
BRF:20
BRH:20
end_of_record
TN:
SF:src\pages\CreatePage.tsx
FN:8,(anonymous_0)
FN:15,(anonymous_1)
FN:33,LogPanel
FN:38,(anonymous_3)
FN:42,(anonymous_4)
FN:56,(anonymous_5)
FN:69,(anonymous_6)
FN:83,JobCard
FN:103,(anonymous_8)
FN:131,(anonymous_9)
FN:134,(anonymous_10)
FN:144,(anonymous_11)
FN:172,CreatePage
FN:184,(anonymous_13)
FN:185,(anonymous_14)
FN:188,(anonymous_15)
FN:189,(anonymous_16)
FN:192,(anonymous_17)
FN:193,(anonymous_18)
FN:201,(anonymous_19)
FN:201,(anonymous_20)
FN:202,(anonymous_21)
FN:202,(anonymous_22)
FN:204,(anonymous_23)
FN:205,(anonymous_24)
FN:206,(anonymous_25)
FN:220,(anonymous_26)
FN:221,(anonymous_27)
FN:231,(anonymous_28)
FN:234,(anonymous_29)
FN:239,(anonymous_30)
FN:246,(anonymous_31)
FN:251,(anonymous_32)
FN:256,(anonymous_33)
FN:272,(anonymous_34)
FN:273,(anonymous_35)
FN:277,(anonymous_36)
FN:280,(anonymous_37)
FN:282,(anonymous_38)
FN:285,(anonymous_39)
FN:286,(anonymous_40)
FN:289,(anonymous_41)
FN:293,(anonymous_42)
FN:294,(anonymous_43)
FN:295,(anonymous_44)
FN:322,(anonymous_45)
FN:337,(anonymous_46)
FN:338,(anonymous_47)
FN:347,(anonymous_48)
FN:357,(anonymous_49)
FN:407,(anonymous_50)
FN:430,(anonymous_51)
FN:436,(anonymous_52)
FNF:53
FNH:50
FNDA:28,(anonymous_0)
FNDA:17,(anonymous_1)
FNDA:22,LogPanel
FNDA:18,(anonymous_3)
FNDA:1,(anonymous_4)
FNDA:12,(anonymous_5)
FNDA:1,(anonymous_6)
FNDA:18,JobCard
FNDA:2,(anonymous_8)
FNDA:2,(anonymous_9)
FNDA:1,(anonymous_10)
FNDA:1,(anonymous_11)
FNDA:109,CreatePage
FNDA:9,(anonymous_13)
FNDA:9,(anonymous_14)
FNDA:13,(anonymous_15)
FNDA:9,(anonymous_16)
FNDA:11,(anonymous_17)
FNDA:11,(anonymous_18)
FNDA:0,(anonymous_19)
FNDA:0,(anonymous_20)
FNDA:1,(anonymous_21)
FNDA:1,(anonymous_22)
FNDA:9,(anonymous_23)
FNDA:9,(anonymous_24)
FNDA:5,(anonymous_25)
FNDA:26,(anonymous_26)
FNDA:26,(anonymous_27)
FNDA:26,(anonymous_28)
FNDA:51,(anonymous_29)
FNDA:2,(anonymous_30)
FNDA:2,(anonymous_31)
FNDA:2,(anonymous_32)
FNDA:13,(anonymous_33)
FNDA:1,(anonymous_34)
FNDA:0,(anonymous_35)
FNDA:1,(anonymous_36)
FNDA:1,(anonymous_37)
FNDA:1,(anonymous_38)
FNDA:2,(anonymous_39)
FNDA:2,(anonymous_40)
FNDA:18,(anonymous_41)
FNDA:126,(anonymous_42)
FNDA:126,(anonymous_43)
FNDA:126,(anonymous_44)
FNDA:256,(anonymous_45)
FNDA:2,(anonymous_46)
FNDA:246,(anonymous_47)
FNDA:2,(anonymous_48)
FNDA:2,(anonymous_49)
FNDA:18,(anonymous_50)
FNDA:384,(anonymous_51)
FNDA:126,(anonymous_52)
DA:5,2
DA:8,2
DA:9,28
DA:10,28
DA:11,28
DA:12,1
DA:15,2
DA:16,17
DA:17,17
DA:18,17
DA:23,2
DA:34,22
DA:35,22
DA:36,22
DA:38,22
DA:39,18
DA:42,22
DA:43,1
DA:44,1
DA:45,1
DA:48,22
DA:57,12
DA:69,1
DA:92,18
DA:93,18
DA:94,18
DA:95,18
DA:96,18
DA:98,18
DA:103,2
DA:131,2
DA:134,1
DA:144,1
DA:173,109
DA:174,109
DA:175,109
DA:176,109
DA:177,109
DA:178,109
DA:179,109
DA:181,109
DA:182,109
DA:184,109
DA:185,9
DA:188,109
DA:189,13
DA:192,109
DA:193,11
DA:197,11
DA:199,11
DA:200,11
DA:201,11
DA:202,11
DA:204,11
DA:205,9
DA:206,9
DA:207,9
DA:208,9
DA:209,9
DA:210,9
DA:211,9
DA:212,9
DA:216,11
DA:220,109
DA:221,26
DA:222,26
DA:223,26
DA:224,26
DA:225,26
DA:226,26
DA:227,26
DA:228,26
DA:231,26
DA:232,26
DA:233,26
DA:234,51
DA:239,109
DA:240,2
DA:241,2
DA:242,2
DA:243,2
DA:246,109
DA:247,2
DA:248,2
DA:251,109
DA:252,2
DA:253,2
DA:256,109
DA:257,13
DA:258,13
DA:259,13
DA:260,13
DA:264,12
DA:265,12
DA:266,10
DA:268,1
DA:272,109
DA:273,1
DA:274,1
DA:275,1
DA:276,1
DA:277,1
DA:280,109
DA:281,1
DA:282,1
DA:285,109
DA:286,2
DA:288,109
DA:289,109
DA:291,109
DA:293,126
DA:294,126
DA:295,126
DA:298,109
DA:323,256
DA:337,2
DA:338,246
DA:347,2
DA:357,2
DA:408,18
DA:431,384
DA:437,126
DA:438,126
LF:123
LH:123
BRDA:10,0,0,28
BRDA:10,0,1,25
BRDA:11,1,0,28
BRDA:11,1,1,26
BRDA:17,2,0,17
BRDA:17,2,1,14
BRDA:39,3,0,17
BRDA:39,3,1,1
BRDA:44,4,0,0
BRDA:44,4,1,1
BRDA:52,5,0,1
BRDA:52,5,1,21
BRDA:54,6,0,17
BRDA:54,6,1,5
BRDA:58,7,0,1
BRDA:58,7,1,11
BRDA:58,8,0,12
BRDA:58,8,1,11
BRDA:59,9,0,1
BRDA:59,9,1,10
BRDA:59,10,0,11
BRDA:59,10,1,10
BRDA:60,11,0,1
BRDA:60,11,1,9
BRDA:61,12,0,1
BRDA:61,12,1,8
BRDA:67,13,0,22
BRDA:67,13,1,1
BRDA:94,14,0,18
BRDA:94,14,1,0
BRDA:95,15,0,17
BRDA:95,15,1,1
BRDA:96,16,0,18
BRDA:96,16,1,15
BRDA:109,17,0,18
BRDA:109,17,1,2
BRDA:126,18,0,18
BRDA:126,18,1,1
BRDA:126,18,2,0
BRDA:132,19,0,14
BRDA:132,19,1,4
BRDA:154,20,0,17
BRDA:154,20,1,1
BRDA:162,21,0,18
BRDA:162,21,1,17
BRDA:189,22,0,9
BRDA:189,22,1,0
BRDA:195,23,0,11
BRDA:195,23,1,11
BRDA:197,24,0,0
BRDA:197,24,1,11
BRDA:207,25,0,9
BRDA:207,25,1,0
BRDA:207,26,0,9
BRDA:207,26,1,0
BRDA:223,27,0,26
BRDA:223,27,1,0
BRDA:234,28,0,51
BRDA:234,28,1,50
BRDA:261,29,0,13
BRDA:261,29,1,13
BRDA:265,30,0,2
BRDA:265,30,1,10
BRDA:265,31,0,2
BRDA:265,31,1,1
BRDA:306,32,0,109
BRDA:306,32,1,14
BRDA:315,33,0,109
BRDA:315,33,1,64
BRDA:366,34,0,109
BRDA:366,34,1,14
BRDA:375,35,0,109
BRDA:375,35,1,3
BRDA:383,36,0,109
BRDA:383,36,1,5
BRDA:383,36,2,5
BRDA:391,37,0,109
BRDA:391,37,1,18
BRDA:395,38,0,18
BRDA:395,38,1,14
BRDA:403,39,0,18
BRDA:403,39,1,0
BRDA:404,40,0,0
BRDA:404,40,1,0
BRDA:422,41,0,109
BRDA:422,41,1,64
BRDA:443,42,0,126
BRDA:443,42,1,0
BRDA:446,43,0,126
BRDA:446,43,1,0
BRDA:448,44,0,126
BRDA:448,44,1,0
BRF:92
BRH:78
end_of_record
